<?xml version="1.0" encoding="UTF-8"?>
<!-- Generated by org.testng.reporters.JUnitReportReporter -->
<testsuite hostname="rajhansji" failures="0" tests="2" name="com.practice.DemoTest" time="0.012" errors="0" timestamp="31 Mar 2023 11:59:35 GMT" skipped="0">
  <testcase classname="com.practice.DemoTest" name="test2" time="0.002"/>
  <testcase classname="com.practice.DemoTest" name="test1" time="0.010"/>
</testsuite> <!-- com.practice.DemoTest -->
