<?xml version="1.0" encoding="UTF-8"?>
<!-- Generated by org.testng.reporters.JUnitReportReporter -->
<testsuite hostname="rajhansji" failures="0" tests="1" name="com.practice.RunConfig" time="0.008" errors="0" timestamp="31 Mar 2023 12:07:42 GMT" skipped="0">
  <testcase classname="com.practice.RunConfig" name="runConfig" time="0.008"/>
</testsuite> <!-- com.practice.RunConfig -->
